
> cloudent@0.1.0 dev
> next dev --turbopack

 ⚠ Warning: Next.js inferred your workspace root, but it may not be correct.
 We detected multiple lockfiles and selected the directory of /Users/siddharthmanjul/package-lock.json as the root directory.
 To silence this warning, set `turbopack.root` in your Next.js config, or consider removing one of the lockfiles if it's not needed.
   See https://nextjs.org/docs/app/api-reference/config/next-config-js/turbopack#root-directory for more information.
 Detected additional lockfiles: 
   * /Users/siddharthmanjul/Desktop/Storarc/Cloudent/cloudent/pnpm-lock.yaml

 ⚠ Port 3000 is in use by process 90178, using available port 3001 instead.
   ▲ Next.js 15.5.0 (Turbopack)
   - Local:        http://localhost:3001
   - Network:      http://192.168.1.15:3001
   - Environments: .env

 ✓ Starting...
Creating turbopack project {
  dir: '/Users/siddharthmanjul/Desktop/Storarc/Cloudent/cloudent',
  testMode: true
}
 ✓ Ready in 1059ms
[?25h
